[10:58:34.184] [INFO] storybook v10.3.5
[10:58:34.776] [DEBUG] Getting package.json info for /Users/nt433/Projects/yale-ui-cl/package.json...
[10:58:35.401] [WARN] 🚨 Unable to index ./src/01-atoms/select-input/SelectInput.stories.js:
  SyntaxError: Unexpected token, expected "," (19:8)
    at constructor (file:///Users/nt433/Projects/yale-ui-cl/node_modules/storybook/dist/_node-chunks/chunk-JXXWBFBF.js:12171:21)
    at Parser.raise (file:///Users/nt433/Projects/yale-ui-cl/node_modules/storybook/dist/_node-chunks/chunk-JXXWBFBF.js:16356:71)
    at Parser.unexpected (file:///Users/nt433/Projects/yale-ui-cl/node_modules/storybook/dist/_node-chunks/chunk-JXXWBFBF.js:16373:20)
    at Parser.expect (file:///Users/nt433/Projects/yale-ui-cl/node_modules/storybook/dist/_node-chunks/chunk-JXXWBFBF.js:16581:32)
    at Parser.parseObjectLike (file:///Users/nt433/Projects/yale-ui-cl/node_modules/storybook/dist/_node-chunks/chunk-JXXWBFBF.js:19571:25)
    at Parser.parseExprAtom (file:///Users/nt433/Projects/yale-ui-cl/node_modules/storybook/dist/_node-chunks/chunk-JXXWBFBF.js:19302:25)
    at Parser.parseExprAtom (file:///Users/nt433/Projects/yale-ui-cl/node_modules/storybook/dist/_node-chunks/chunk-JXXWBFBF.js:15093:181)
    at Parser.parseExprSubscripts (file:///Users/nt433/Projects/yale-ui-cl/node_modules/storybook/dist/_node-chunks/chunk-JXXWBFBF.js:19165:105)
    at Parser.parseUpdate (file:///Users/nt433/Projects/yale-ui-cl/node_modules/storybook/dist/_node-chunks/chunk-JXXWBFBF.js:19156:57)
    at Parser.parseMaybeUnary (file:///Users/nt433/Projects/yale-ui-cl/node_modules/storybook/dist/_node-chunks/chunk-JXXWBFBF.js:19141:25)
[10:58:35.405] [ERROR] Error: Unable to index ./src/01-atoms/select-input/SelectInput.stories.js
    at _StoryIndexGenerator.getIndexAndStats (file://./node_modules/storybook/dist/core-server/index.js:6282:15)
    at async _StoryIndexGenerator.getIndex (file://./node_modules/storybook/dist/core-server/index.js:6271:13)
    at async Object.experimental_serverChannel (file://./node_modules/@storybook/addon-vitest/dist/preset.js:464:14)
    at async buildDevStandalone (file://./node_modules/storybook/dist/core-server/index.js:8027:32)
    at async withTelemetry (file://./node_modules/storybook/dist/_node-chunks/chunk-FIR43JGQ.js:225:12)
    at async dev (file://./node_modules/storybook/dist/bin/core.js:2736:3)
    at async _Command.<anonymous> (file://./node_modules/storybook/dist/bin/core.js:2806:92)
[10:58:35.406] [WARN] Broken build, fix the error above.
You may need to refresh the browser.